{"name":"1","price":"2","lastChange":"2015-10-12 00:00:00"}
{"name":"1","price":"2","lastChange":"2015-10-12 00:00:00"}
{"name":"1","price":"2","lastChange":"2015-10-12 00:00:00"}
{"name":"1","price":"2","lastChange":"2015-10-12 00:00:00"}
{"name":"1","price":"2","lastChange":"2015-10-12 00:00:00"}
{"name":"1","price":"2","lastChange":"2015-10-12 00:00:00"}
{"name":"1","price":"2","lastChange":"2015-10-12 00:00:00"}
{"name":"1","price":"2","lastChange":"2015-10-12 00:00:00"}
{"name":"1","price":"2","lastChange":"2015-10-12 00:00:00"}
{"name":"1","price":"1","lastChange":"2015-10-12 00:00:00"}
{"name":"2","price":"2","lastChange":"2015-10-12 00:00:00"}
{"name":"1","price":"2","lastChange":"2015-10-12 00:00:00"}
{"name":"3","price":"3","lastChange":"2015-10-12 00:00:00"}
{"name":"r","price":"r","lastChange":"2015-10-13 00:00:00"}
{"name":"r","price":"r","lastChange":"2015-10-13 00:00:00"}
{"name":"r","price":"r","lastChange":"2015-10-13 00:00:00"}
{"id":"","name":"aa","price":"aa","lastChange":"2015-10-14 00:00:00"}
{"id":"","name":"t","price":"t","lastChange":"2015-10-14 00:00:00"}
{"id":"171","name":"t","price":"10","lastChange":"2015-10-14 00:00:00"}
{"id":"","name":"d","price":"22","lastChange":"2015-10-14 00:00:00"}
{"id":"","name":"uuu","price":"1","lastChange":"2015-10-16 00:00:00"}
{"id":"167","name":"1308b","price":"22522","lastChange":"2013-07-11 15:14:06"}
{"id":"161","name":"1212t511","price":"323","lastChange":"2013-07-11 15:14:06"}
{"id":"168","name":"1308","price":"508","lastChange":"2013-07-11 15:14:06"}
{"id":"122","name":"1120-m","price":"37","lastChange":"2013-07-11 15:14:05"}
{"id":"117","name":"1107d1","price":"21","lastChange":"2013-07-11 15:14:05"}
